[26/05 14:09] ========================================
[26/05 14:09] INICIANDO - 26/05/2026 14:09
[26/05 14:09] ========================================
[26/05 14:09] INICIANDO - 26/05/2026 14:09
[26/05 14:09]   0054: verificando...
[26/05 14:10]   0054 | Honda CG 160 Start 24/24 | fase=📅 Pré-Leilão | lance=R$ 5800,00 | score=7.4
[26/05 14:10]   0056: verificando...
[26/05 14:10]   0056 | Honda CG 160 Fan 21/21 | fase=📅 Pré-Leilão | lance=R$ 5150,00 | score=5.9
[26/05 14:10]   0059: verificando...
[26/05 14:10]   0059 | Shineray XY125-6A 25/25 | fase=📅 Pré-Leilão | lance=R$ 3300,00 | score=2.7
[26/05 14:10]   0065: verificando...
[26/05 14:10]   0065 | Honda CG 160 Start 23/23 | fase=📅 Pré-Leilão | lance=R$ 5550,00 | score=7.0
[26/05 14:10] Dashboard atualizado.
[26/05 14:10] OK - 4 lotes verificados
2026-05-26 14:11
[run.sh] Check diario - executando
[26/05 14:11] ========================================
[26/05 14:11] INICIANDO - 26/05/2026 14:11
[26/05 14:11]   0054: pulou (fase=pre_leilao, 0.0h desde ultimo)
[26/05 14:11]   0056: pulou (fase=pre_leilao, 0.0h desde ultimo)
[26/05 14:11]   0059: pulou (fase=pre_leilao, 0.0h desde ultimo)
[26/05 14:11]   0065: pulou (fase=pre_leilao, 0.0h desde ultimo)
[26/05 14:11] Dashboard atualizado.
[26/05 14:11] OK - 4 lotes verificados
[26/05 14:11] ========================================
[26/05 14:11] INICIANDO - 26/05/2026 14:11
[26/05 14:11]   0054: pulou (fase=pre_leilao, 0.0h desde ultimo)
[26/05 14:11]   0056: pulou (fase=pre_leilao, 0.0h desde ultimo)
[26/05 14:11]   0059: pulou (fase=pre_leilao, 0.0h desde ultimo)
[26/05 14:11]   0065: pulou (fase=pre_leilao, 0.0h desde ultimo)
[26/05 14:11] Dashboard atualizado.
[26/05 14:11] OK - 4 lotes verificados
2026-05-26 14:11
2026-05-26 14:11
2026-05-26 14:11
"[run.sh] Daily check"
[26/05 14:11] ========================================
[26/05 14:11] INICIANDO - 26/05/2026 14:11
[26/05 14:11]   0054: pulou (fase=pre_leilao, 0.0h desde ultimo)
[26/05 14:11]   0056: pulou (fase=pre_leilao, 0.0h desde ultimo)
[26/05 14:11]   0059: pulou (fase=pre_leilao, 0.0h desde ultimo)
[26/05 14:11]   0065: pulou (fase=pre_leilao, 0.0h desde ultimo)
[26/05 14:11] Dashboard atualizado.
[26/05 14:11] OK - 4 lotes verificados
[26/05 14:11] ========================================
[26/05 14:11] INICIANDO - 26/05/2026 14:11
[26/05 14:11]   0054: pulou (fase=pre_leilao, 0.0h desde ultimo)
[26/05 14:11]   0056: pulou (fase=pre_leilao, 0.0h desde ultimo)
[26/05 14:11]   0059: pulou (fase=pre_leilao, 0.0h desde ultimo)
[26/05 14:11]   0065: pulou (fase=pre_leilao, 0.0h desde ultimo)
[26/05 14:11] Dashboard atualizado.
[26/05 14:11] OK - 4 lotes verificados
2026-05-26 14:11
"DISPUTA= ULTIMO= HOJE=2026-05-26"
[run.sh] Daily check
[26/05 14:11] ========================================
[26/05 14:11] INICIANDO - 26/05/2026 14:11
[26/05 14:11]   0054: pulou (fase=pre_leilao, 0.0h desde ultimo)
[26/05 14:11]   0056: pulou (fase=pre_leilao, 0.0h desde ultimo)
[26/05 14:11]   0059: pulou (fase=pre_leilao, 0.0h desde ultimo)
[26/05 14:11]   0065: pulou (fase=pre_leilao, 0.0h desde ultimo)
[26/05 14:11] Dashboard atualizado.
[26/05 14:11] OK - 4 lotes verificados
[26/05 14:11] ========================================
[26/05 14:11] INICIANDO - 26/05/2026 14:11
[26/05 14:11]   0054: pulou (fase=pre_leilao, 0.0h desde ultimo)
[26/05 14:11]   0056: pulou (fase=pre_leilao, 0.0h desde ultimo)
[26/05 14:11]   0059: pulou (fase=pre_leilao, 0.0h desde ultimo)
[26/05 14:11]   0065: pulou (fase=pre_leilao, 0.0h desde ultimo)
[26/05 14:11] Dashboard atualizado.
[26/05 14:11] OK - 4 lotes verificados
2026-05-26 14:11
[run.sh] Pulou - ja executado
2026-05-26 14:15
[run.sh] Pulou - ja executado
